client/app/build/intermediates/manifest_merge_blame_file/debug/manifest-merger-blame-debug-report.txt
1<?xml version="1.0" encoding="utf-8"?>
2<manifest xmlns:android="http://schemas.android.com/apk/res/android"
3    package="dam.agamers.gtidic.udl.agamers"
4    android:versionCode="1"
5    android:versionName="1.0" >
6
7    <uses-sdk
8        android:minSdkVersion="26"
8-->src\main\AndroidManifest.xml
9        android:targetSdkVersion="30" />
9-->src\main\AndroidManifest.xml
10
11    <application
11-->src\main\AndroidManifest.xml:5:5-32:19
12        android:allowBackup="true"
12-->src\main\AndroidManifest.xml:6:9-35
13        android:appComponentFactory="androidx.core.app.CoreComponentFactory"
13-->[androidx.core:core:1.3.1] AndroidManifest.xml:24:18-86
14        android:debuggable="true"
15        android:extractNativeLibs="false"
16        android:icon="@mipmap/ic_launcher"
16-->src\main\AndroidManifest.xml:7:9-43
17        android:label="@string/app_name"
17-->src\main\AndroidManifest.xml:8:9-41
18        android:roundIcon="@mipmap/ic_launcher_round"
18-->src\main\AndroidManifest.xml:9:9-54
19        android:supportsRtl="true"
19-->src\main\AndroidManifest.xml:10:9-35
20        android:testOnly="true"
21        android:theme="@style/Theme.Agamers" >
21-->src\main\AndroidManifest.xml:11:9-45
22        <activity android:name="dam.agamers.gtidic.udl.agamers.Inici_de_sessio" >
22-->src\main\AndroidManifest.xml:13:9-15:20
22-->src\main\AndroidManifest.xml:14:13-44
23        </activity>
24        <activity
24-->src\main\AndroidManifest.xml:17:9-25:20
25            android:name="dam.agamers.gtidic.udl.agamers.MainActivity"
25-->src\main\AndroidManifest.xml:18:13-41
26            android:theme="@style/SplashTheme" >
26-->src\main\AndroidManifest.xml:19:13-47
27            <intent-filter>
27-->src\main\AndroidManifest.xml:21:13-24:29
28                <action android:name="android.intent.action.MAIN" />
28-->src\main\AndroidManifest.xml:22:17-69
28-->src\main\AndroidManifest.xml:22:25-66
29
30                <category android:name="android.intent.category.LAUNCHER" />
30-->src\main\AndroidManifest.xml:23:17-77
30-->src\main\AndroidManifest.xml:23:27-74
31            </intent-filter>
32        </activity>
33        <activity android:name="dam.agamers.gtidic.udl.agamers.Registre_1" >
33-->src\main\AndroidManifest.xml:27:9-30:20
33-->src\main\AndroidManifest.xml:28:13-39
34        </activity>
35    </application>
36
37</manifest>